<?xml version="1.0" encoding="UTF-8"?>
<!-- Generated by org.testng.reporters.JUnitXMLReporter -->
<testsuite ignored="0" hostname="GNANAPRASA-NB" failures="0" tests="3" name="Surefire test" time="7.158" errors="0" timestamp="2025-04-08T19:16:01 IST">
  <testcase classname="tests.PostTests" name="createPost" time="5.038"/>
  <testcase classname="tests.UserTests" name="getAllUsers" time="0.717"/>
  <testcase classname="tests.UserTests" name="getUserById" time="0.485"/>
</testsuite> <!-- Surefire test -->
