<?xml version="1.0" encoding="UTF-8"?>
<testng-results ignored="0" total="3" passed="3" failed="0" skipped="0">
  <reporter-output>
  </reporter-output>
  <suite started-at="2025-04-08T19:15:54 IST" name="Surefire suite" finished-at="2025-04-08T19:16:01 IST" duration-ms="7158">
    <groups>
    </groups>
    <test started-at="2025-04-08T19:15:54 IST" name="Surefire test" finished-at="2025-04-08T19:16:01 IST" duration-ms="7158">
      <class name="tests.UserTests">
        <test-method is-config="true" signature="setup()[pri:0, instance:tests.UserTests@78b729e6]" started-at="2025-04-08T19:16:00 IST" name="setup" finished-at="2025-04-08T19:16:00 IST" duration-ms="2" status="PASS">
          <reporter-output>
          </reporter-output>
        </test-method> <!-- setup -->
        <test-method signature="getAllUsers()[pri:0, instance:tests.UserTests@78b729e6]" started-at="2025-04-08T19:16:00 IST" name="getAllUsers" finished-at="2025-04-08T19:16:01 IST" duration-ms="717" status="PASS">
          <reporter-output>
          </reporter-output>
        </test-method> <!-- getAllUsers -->
        <test-method signature="getUserById()[pri:0, instance:tests.UserTests@78b729e6]" started-at="2025-04-08T19:16:01 IST" name="getUserById" finished-at="2025-04-08T19:16:01 IST" duration-ms="485" status="PASS">
          <reporter-output>
          </reporter-output>
        </test-method> <!-- getUserById -->
      </class> <!-- tests.UserTests -->
      <class name="tests.PostTests">
        <test-method is-config="true" signature="setup()[pri:0, instance:tests.PostTests@501edcf1]" started-at="2025-04-08T19:15:54 IST" name="setup" finished-at="2025-04-08T19:15:55 IST" duration-ms="836" status="PASS">
          <reporter-output>
          </reporter-output>
        </test-method> <!-- setup -->
        <test-method signature="createPost()[pri:0, instance:tests.PostTests@501edcf1]" started-at="2025-04-08T19:15:55 IST" name="createPost" finished-at="2025-04-08T19:16:00 IST" duration-ms="5038" status="PASS">
          <reporter-output>
          </reporter-output>
        </test-method> <!-- createPost -->
      </class> <!-- tests.PostTests -->
    </test> <!-- Surefire test -->
  </suite> <!-- Surefire suite -->
</testng-results>
